<?xml version="1.0" encoding="UTF-8"?>
<testsuite xmlns:xsi="http://www.w3.org/2001/XMLSchema-instance" xsi:noNamespaceSchemaLocation="https://maven.apache.org/surefire/maven-surefire-plugin/xsd/surefire-test-report-3.0.xsd" version="3.0" name="me.Usuario.se.database.MainTest" time="2.582" tests="4" errors="0" skipped="0" failures="0">
  <properties>
    <property name="java.specification.version" value="18"/>
    <property name="sun.cpu.isalist" value="amd64"/>
    <property name="sun.jnu.encoding" value="Cp1252"/>
    <property name="java.class.path" value="C:\Users\Usuario\Desktop\database-se\target\test-classes;C:\Users\Usuario\Desktop\database-se\target\classes;C:\Users\Usuario\.m2\repository\io\helidon\webserver\helidon-webserver\3.1.0\helidon-webserver-3.1.0.jar;C:\Users\Usuario\.m2\repository\io\helidon\common\helidon-common-reactive\3.1.0\helidon-common-reactive-3.1.0.jar;C:\Users\Usuario\.m2\repository\io\helidon\common\helidon-common\3.1.0\helidon-common-3.1.0.jar;C:\Users\Usuario\.m2\repository\io\helidon\common\helidon-common-http\3.1.0\helidon-common-http-3.1.0.jar;C:\Users\Usuario\.m2\repository\io\helidon\media\helidon-media-common\3.1.0\helidon-media-common-3.1.0.jar;C:\Users\Usuario\.m2\repository\io\helidon\config\helidon-config\3.1.0\helidon-config-3.1.0.jar;C:\Users\Usuario\.m2\repository\io\helidon\common\helidon-common-media-type\3.1.0\helidon-common-media-type-3.1.0.jar;C:\Users\Usuario\.m2\repository\io\helidon\common\helidon-common-key-util\3.1.0\helidon-common-key-util-3.1.0.jar;C:\Users\Usuario\.m2\repository\io\helidon\logging\helidon-logging-common\3.1.0\helidon-logging-common-3.1.0.jar;C:\Users\Usuario\.m2\repository\io\helidon\tracing\helidon-tracing\3.1.0\helidon-tracing-3.1.0.jar;C:\Users\Usuario\.m2\repository\io\helidon\tracing\helidon-tracing-config\3.1.0\helidon-tracing-config-3.1.0.jar;C:\Users\Usuario\.m2\repository\io\netty\netty-codec-http\4.1.86.Final\netty-codec-http-4.1.86.Final.jar;C:\Users\Usuario\.m2\repository\io\netty\netty-common\4.1.86.Final\netty-common-4.1.86.Final.jar;C:\Users\Usuario\.m2\repository\io\netty\netty-transport\4.1.86.Final\netty-transport-4.1.86.Final.jar;C:\Users\Usuario\.m2\repository\io\netty\netty-codec\4.1.86.Final\netty-codec-4.1.86.Final.jar;C:\Users\Usuario\.m2\repository\io\netty\netty-handler\4.1.86.Final\netty-handler-4.1.86.Final.jar;C:\Users\Usuario\.m2\repository\io\netty\netty-resolver\4.1.86.Final\netty-resolver-4.1.86.Final.jar;C:\Users\Usuario\.m2\repository\io\netty\netty-transport-native-unix-common\4.1.86.Final\netty-transport-native-unix-common-4.1.86.Final.jar;C:\Users\Usuario\.m2\repository\io\helidon\config\helidon-config-yaml\3.1.0\helidon-config-yaml-3.1.0.jar;C:\Users\Usuario\.m2\repository\org\yaml\snakeyaml\1.32\snakeyaml-1.32.jar;C:\Users\Usuario\.m2\repository\jakarta\annotation\jakarta.annotation-api\2.0.0\jakarta.annotation-api-2.0.0.jar;C:\Users\Usuario\.m2\repository\io\helidon\metrics\helidon-metrics\3.1.0\helidon-metrics-3.1.0.jar;C:\Users\Usuario\.m2\repository\io\helidon\common\helidon-common-service-loader\3.1.0\helidon-common-service-loader-3.1.0.jar;C:\Users\Usuario\.m2\repository\io\helidon\common\helidon-common-configurable\3.1.0\helidon-common-configurable-3.1.0.jar;C:\Users\Usuario\.m2\repository\io\helidon\metrics\helidon-metrics-api\3.1.0\helidon-metrics-api-3.1.0.jar;C:\Users\Usuario\.m2\repository\io\helidon\metrics\helidon-metrics-service-api\3.1.0\helidon-metrics-service-api-3.1.0.jar;C:\Users\Usuario\.m2\repository\org\eclipse\microprofile\metrics\microprofile-metrics-api\4.0\microprofile-metrics-api-4.0.jar;C:\Users\Usuario\.m2\repository\io\helidon\webserver\helidon-webserver-cors\3.1.0\helidon-webserver-cors-3.1.0.jar;C:\Users\Usuario\.m2\repository\io\helidon\service-common\helidon-service-common-rest\3.1.0\helidon-service-common-rest-3.1.0.jar;C:\Users\Usuario\.m2\repository\io\helidon\health\helidon-health\3.1.0\helidon-health-3.1.0.jar;C:\Users\Usuario\.m2\repository\io\helidon\fault-tolerance\helidon-fault-tolerance\3.1.0\helidon-fault-tolerance-3.1.0.jar;C:\Users\Usuario\.m2\repository\org\eclipse\microprofile\health\microprofile-health-api\4.0\microprofile-health-api-4.0.jar;C:\Users\Usuario\.m2\repository\io\helidon\health\helidon-health-checks\3.1.0\helidon-health-checks-3.1.0.jar;C:\Users\Usuario\.m2\repository\io\helidon\health\helidon-health-common\3.1.0\helidon-health-common-3.1.0.jar;C:\Users\Usuario\.m2\repository\io\helidon\media\helidon-media-jsonp\3.1.0\helidon-media-jsonp-3.1.0.jar;C:\Users\Usuario\.m2\repository\jakarta\json\jakarta.json-api\2.0.1\jakarta.json-api-2.0.1.jar;C:\Users\Usuario\.m2\repository\org\eclipse\parsson\parsson\1.0.2\parsson-1.0.2.jar;C:\Users\Usuario\.m2\repository\io\helidon\dbclient\helidon-dbclient-mongodb\3.1.0\helidon-dbclient-mongodb-3.1.0.jar;C:\Users\Usuario\.m2\repository\io\helidon\common\helidon-common-mapper\3.1.0\helidon-common-mapper-3.1.0.jar;C:\Users\Usuario\.m2\repository\io\helidon\dbclient\helidon-dbclient-common\3.1.0\helidon-dbclient-common-3.1.0.jar;C:\Users\Usuario\.m2\repository\org\mongodb\mongodb-driver-reactivestreams\1.11.0\mongodb-driver-reactivestreams-1.11.0.jar;C:\Users\Usuario\.m2\repository\org\mongodb\mongodb-driver-async\3.10.0\mongodb-driver-async-3.10.0.jar;C:\Users\Usuario\.m2\repository\org\mongodb\bson\3.10.0\bson-3.10.0.jar;C:\Users\Usuario\.m2\repository\org\mongodb\mongodb-driver-core\3.10.0\mongodb-driver-core-3.10.0.jar;C:\Users\Usuario\.m2\repository\org\reactivestreams\reactive-streams\1.0.4\reactive-streams-1.0.4.jar;C:\Users\Usuario\.m2\repository\com\h2database\h2\2.1.212\h2-2.1.212.jar;C:\Users\Usuario\.m2\repository\io\helidon\dbclient\helidon-dbclient\3.1.0\helidon-dbclient-3.1.0.jar;C:\Users\Usuario\.m2\repository\io\helidon\common\helidon-common-context\3.1.0\helidon-common-context-3.1.0.jar;C:\Users\Usuario\.m2\repository\io\helidon\dbclient\helidon-dbclient-jsonp\3.1.0\helidon-dbclient-jsonp-3.1.0.jar;C:\Users\Usuario\.m2\repository\io\helidon\media\helidon-media-jsonb\3.1.0\helidon-media-jsonb-3.1.0.jar;C:\Users\Usuario\.m2\repository\org\eclipse\yasson\2.0.4\yasson-2.0.4.jar;C:\Users\Usuario\.m2\repository\jakarta\json\bind\jakarta.json.bind-api\2.0.0\jakarta.json.bind-api-2.0.0.jar;C:\Users\Usuario\.m2\repository\org\glassfish\jakarta.json\2.0.0\jakarta.json-2.0.0-module.jar;C:\Users\Usuario\.m2\repository\org\slf4j\slf4j-jdk14\1.7.32\slf4j-jdk14-1.7.32.jar;C:\Users\Usuario\.m2\repository\org\slf4j\slf4j-api\1.7.32\slf4j-api-1.7.32.jar;C:\Users\Usuario\.m2\repository\io\helidon\dbclient\helidon-dbclient-metrics-jdbc\3.1.0\helidon-dbclient-metrics-jdbc-3.1.0.jar;C:\Users\Usuario\.m2\repository\io\helidon\dbclient\helidon-dbclient-jdbc\3.1.0\helidon-dbclient-jdbc-3.1.0.jar;C:\Users\Usuario\.m2\repository\com\zaxxer\HikariCP\5.0.1\HikariCP-5.0.1.jar;C:\Users\Usuario\.m2\repository\io\dropwizard\metrics\metrics-core\4.1.2\metrics-core-4.1.2.jar;C:\Users\Usuario\.m2\repository\io\helidon\dbclient\helidon-dbclient-metrics\3.1.0\helidon-dbclient-metrics-3.1.0.jar;C:\Users\Usuario\.m2\repository\io\helidon\dbclient\helidon-dbclient-health\3.1.0\helidon-dbclient-health-3.1.0.jar;C:\Users\Usuario\.m2\repository\org\junit\jupiter\junit-jupiter-api\5.7.0\junit-jupiter-api-5.7.0.jar;C:\Users\Usuario\.m2\repository\org\apiguardian\apiguardian-api\1.1.0\apiguardian-api-1.1.0.jar;C:\Users\Usuario\.m2\repository\org\opentest4j\opentest4j\1.2.0\opentest4j-1.2.0.jar;C:\Users\Usuario\.m2\repository\org\junit\platform\junit-platform-commons\1.7.0\junit-platform-commons-1.7.0.jar;C:\Users\Usuario\.m2\repository\org\hamcrest\hamcrest-all\1.3\hamcrest-all-1.3.jar;C:\Users\Usuario\.m2\repository\io\helidon\webclient\helidon-webclient\3.1.0\helidon-webclient-3.1.0.jar;C:\Users\Usuario\.m2\repository\io\netty\netty-buffer\4.1.86.Final\netty-buffer-4.1.86.Final.jar;C:\Users\Usuario\.m2\repository\io\netty\netty-handler-proxy\4.1.86.Final\netty-handler-proxy-4.1.86.Final.jar;C:\Users\Usuario\.m2\repository\io\netty\netty-codec-socks\4.1.86.Final\netty-codec-socks-4.1.86.Final.jar;C:\Users\Usuario\.m2\repository\io\netty\netty-resolver-dns\4.1.86.Final\netty-resolver-dns-4.1.86.Final.jar;C:\Users\Usuario\.m2\repository\io\netty\netty-codec-dns\4.1.86.Final\netty-codec-dns-4.1.86.Final.jar;"/>
    <property name="java.vm.vendor" value="Oracle Corporation"/>
    <property name="sun.arch.data.model" value="64"/>
    <property name="user.variant" value=""/>
    <property name="java.vendor.url" value="https://java.oracle.com/"/>
    <property name="user.timezone" value="Europe/Madrid"/>
    <property name="os.name" value="Windows 10"/>
    <property name="java.vm.specification.version" value="18"/>
    <property name="sun.java.launcher" value="SUN_STANDARD"/>
    <property name="user.country" value="ES"/>
    <property name="sun.boot.library.path" value="C:\Program Files\Java\jdk-18.0.2.1\bin"/>
    <property name="sun.java.command" value="C:\Users\Usuario\AppData\Local\Temp\surefire9424528800391641088\surefirebooter7258488811209198066.jar C:\Users\Usuario\AppData\Local\Temp\surefire9424528800391641088 2023-01-12T10-27-45_439-jvmRun1 surefire4468001815857124163tmp surefire_07055432437434263328tmp"/>
    <property name="jdk.debug" value="release"/>
    <property name="surefire.test.class.path" value="C:\Users\Usuario\Desktop\database-se\target\test-classes;C:\Users\Usuario\Desktop\database-se\target\classes;C:\Users\Usuario\.m2\repository\io\helidon\webserver\helidon-webserver\3.1.0\helidon-webserver-3.1.0.jar;C:\Users\Usuario\.m2\repository\io\helidon\common\helidon-common-reactive\3.1.0\helidon-common-reactive-3.1.0.jar;C:\Users\Usuario\.m2\repository\io\helidon\common\helidon-common\3.1.0\helidon-common-3.1.0.jar;C:\Users\Usuario\.m2\repository\io\helidon\common\helidon-common-http\3.1.0\helidon-common-http-3.1.0.jar;C:\Users\Usuario\.m2\repository\io\helidon\media\helidon-media-common\3.1.0\helidon-media-common-3.1.0.jar;C:\Users\Usuario\.m2\repository\io\helidon\config\helidon-config\3.1.0\helidon-config-3.1.0.jar;C:\Users\Usuario\.m2\repository\io\helidon\common\helidon-common-media-type\3.1.0\helidon-common-media-type-3.1.0.jar;C:\Users\Usuario\.m2\repository\io\helidon\common\helidon-common-key-util\3.1.0\helidon-common-key-util-3.1.0.jar;C:\Users\Usuario\.m2\repository\io\helidon\logging\helidon-logging-common\3.1.0\helidon-logging-common-3.1.0.jar;C:\Users\Usuario\.m2\repository\io\helidon\tracing\helidon-tracing\3.1.0\helidon-tracing-3.1.0.jar;C:\Users\Usuario\.m2\repository\io\helidon\tracing\helidon-tracing-config\3.1.0\helidon-tracing-config-3.1.0.jar;C:\Users\Usuario\.m2\repository\io\netty\netty-codec-http\4.1.86.Final\netty-codec-http-4.1.86.Final.jar;C:\Users\Usuario\.m2\repository\io\netty\netty-common\4.1.86.Final\netty-common-4.1.86.Final.jar;C:\Users\Usuario\.m2\repository\io\netty\netty-transport\4.1.86.Final\netty-transport-4.1.86.Final.jar;C:\Users\Usuario\.m2\repository\io\netty\netty-codec\4.1.86.Final\netty-codec-4.1.86.Final.jar;C:\Users\Usuario\.m2\repository\io\netty\netty-handler\4.1.86.Final\netty-handler-4.1.86.Final.jar;C:\Users\Usuario\.m2\repository\io\netty\netty-resolver\4.1.86.Final\netty-resolver-4.1.86.Final.jar;C:\Users\Usuario\.m2\repository\io\netty\netty-transport-native-unix-common\4.1.86.Final\netty-transport-native-unix-common-4.1.86.Final.jar;C:\Users\Usuario\.m2\repository\io\helidon\config\helidon-config-yaml\3.1.0\helidon-config-yaml-3.1.0.jar;C:\Users\Usuario\.m2\repository\org\yaml\snakeyaml\1.32\snakeyaml-1.32.jar;C:\Users\Usuario\.m2\repository\jakarta\annotation\jakarta.annotation-api\2.0.0\jakarta.annotation-api-2.0.0.jar;C:\Users\Usuario\.m2\repository\io\helidon\metrics\helidon-metrics\3.1.0\helidon-metrics-3.1.0.jar;C:\Users\Usuario\.m2\repository\io\helidon\common\helidon-common-service-loader\3.1.0\helidon-common-service-loader-3.1.0.jar;C:\Users\Usuario\.m2\repository\io\helidon\common\helidon-common-configurable\3.1.0\helidon-common-configurable-3.1.0.jar;C:\Users\Usuario\.m2\repository\io\helidon\metrics\helidon-metrics-api\3.1.0\helidon-metrics-api-3.1.0.jar;C:\Users\Usuario\.m2\repository\io\helidon\metrics\helidon-metrics-service-api\3.1.0\helidon-metrics-service-api-3.1.0.jar;C:\Users\Usuario\.m2\repository\org\eclipse\microprofile\metrics\microprofile-metrics-api\4.0\microprofile-metrics-api-4.0.jar;C:\Users\Usuario\.m2\repository\io\helidon\webserver\helidon-webserver-cors\3.1.0\helidon-webserver-cors-3.1.0.jar;C:\Users\Usuario\.m2\repository\io\helidon\service-common\helidon-service-common-rest\3.1.0\helidon-service-common-rest-3.1.0.jar;C:\Users\Usuario\.m2\repository\io\helidon\health\helidon-health\3.1.0\helidon-health-3.1.0.jar;C:\Users\Usuario\.m2\repository\io\helidon\fault-tolerance\helidon-fault-tolerance\3.1.0\helidon-fault-tolerance-3.1.0.jar;C:\Users\Usuario\.m2\repository\org\eclipse\microprofile\health\microprofile-health-api\4.0\microprofile-health-api-4.0.jar;C:\Users\Usuario\.m2\repository\io\helidon\health\helidon-health-checks\3.1.0\helidon-health-checks-3.1.0.jar;C:\Users\Usuario\.m2\repository\io\helidon\health\helidon-health-common\3.1.0\helidon-health-common-3.1.0.jar;C:\Users\Usuario\.m2\repository\io\helidon\media\helidon-media-jsonp\3.1.0\helidon-media-jsonp-3.1.0.jar;C:\Users\Usuario\.m2\repository\jakarta\json\jakarta.json-api\2.0.1\jakarta.json-api-2.0.1.jar;C:\Users\Usuario\.m2\repository\org\eclipse\parsson\parsson\1.0.2\parsson-1.0.2.jar;C:\Users\Usuario\.m2\repository\io\helidon\dbclient\helidon-dbclient-mongodb\3.1.0\helidon-dbclient-mongodb-3.1.0.jar;C:\Users\Usuario\.m2\repository\io\helidon\common\helidon-common-mapper\3.1.0\helidon-common-mapper-3.1.0.jar;C:\Users\Usuario\.m2\repository\io\helidon\dbclient\helidon-dbclient-common\3.1.0\helidon-dbclient-common-3.1.0.jar;C:\Users\Usuario\.m2\repository\org\mongodb\mongodb-driver-reactivestreams\1.11.0\mongodb-driver-reactivestreams-1.11.0.jar;C:\Users\Usuario\.m2\repository\org\mongodb\mongodb-driver-async\3.10.0\mongodb-driver-async-3.10.0.jar;C:\Users\Usuario\.m2\repository\org\mongodb\bson\3.10.0\bson-3.10.0.jar;C:\Users\Usuario\.m2\repository\org\mongodb\mongodb-driver-core\3.10.0\mongodb-driver-core-3.10.0.jar;C:\Users\Usuario\.m2\repository\org\reactivestreams\reactive-streams\1.0.4\reactive-streams-1.0.4.jar;C:\Users\Usuario\.m2\repository\com\h2database\h2\2.1.212\h2-2.1.212.jar;C:\Users\Usuario\.m2\repository\io\helidon\dbclient\helidon-dbclient\3.1.0\helidon-dbclient-3.1.0.jar;C:\Users\Usuario\.m2\repository\io\helidon\common\helidon-common-context\3.1.0\helidon-common-context-3.1.0.jar;C:\Users\Usuario\.m2\repository\io\helidon\dbclient\helidon-dbclient-jsonp\3.1.0\helidon-dbclient-jsonp-3.1.0.jar;C:\Users\Usuario\.m2\repository\io\helidon\media\helidon-media-jsonb\3.1.0\helidon-media-jsonb-3.1.0.jar;C:\Users\Usuario\.m2\repository\org\eclipse\yasson\2.0.4\yasson-2.0.4.jar;C:\Users\Usuario\.m2\repository\jakarta\json\bind\jakarta.json.bind-api\2.0.0\jakarta.json.bind-api-2.0.0.jar;C:\Users\Usuario\.m2\repository\org\glassfish\jakarta.json\2.0.0\jakarta.json-2.0.0-module.jar;C:\Users\Usuario\.m2\repository\org\slf4j\slf4j-jdk14\1.7.32\slf4j-jdk14-1.7.32.jar;C:\Users\Usuario\.m2\repository\org\slf4j\slf4j-api\1.7.32\slf4j-api-1.7.32.jar;C:\Users\Usuario\.m2\repository\io\helidon\dbclient\helidon-dbclient-metrics-jdbc\3.1.0\helidon-dbclient-metrics-jdbc-3.1.0.jar;C:\Users\Usuario\.m2\repository\io\helidon\dbclient\helidon-dbclient-jdbc\3.1.0\helidon-dbclient-jdbc-3.1.0.jar;C:\Users\Usuario\.m2\repository\com\zaxxer\HikariCP\5.0.1\HikariCP-5.0.1.jar;C:\Users\Usuario\.m2\repository\io\dropwizard\metrics\metrics-core\4.1.2\metrics-core-4.1.2.jar;C:\Users\Usuario\.m2\repository\io\helidon\dbclient\helidon-dbclient-metrics\3.1.0\helidon-dbclient-metrics-3.1.0.jar;C:\Users\Usuario\.m2\repository\io\helidon\dbclient\helidon-dbclient-health\3.1.0\helidon-dbclient-health-3.1.0.jar;C:\Users\Usuario\.m2\repository\org\junit\jupiter\junit-jupiter-api\5.7.0\junit-jupiter-api-5.7.0.jar;C:\Users\Usuario\.m2\repository\org\apiguardian\apiguardian-api\1.1.0\apiguardian-api-1.1.0.jar;C:\Users\Usuario\.m2\repository\org\opentest4j\opentest4j\1.2.0\opentest4j-1.2.0.jar;C:\Users\Usuario\.m2\repository\org\junit\platform\junit-platform-commons\1.7.0\junit-platform-commons-1.7.0.jar;C:\Users\Usuario\.m2\repository\org\hamcrest\hamcrest-all\1.3\hamcrest-all-1.3.jar;C:\Users\Usuario\.m2\repository\io\helidon\webclient\helidon-webclient\3.1.0\helidon-webclient-3.1.0.jar;C:\Users\Usuario\.m2\repository\io\netty\netty-buffer\4.1.86.Final\netty-buffer-4.1.86.Final.jar;C:\Users\Usuario\.m2\repository\io\netty\netty-handler-proxy\4.1.86.Final\netty-handler-proxy-4.1.86.Final.jar;C:\Users\Usuario\.m2\repository\io\netty\netty-codec-socks\4.1.86.Final\netty-codec-socks-4.1.86.Final.jar;C:\Users\Usuario\.m2\repository\io\netty\netty-resolver-dns\4.1.86.Final\netty-resolver-dns-4.1.86.Final.jar;C:\Users\Usuario\.m2\repository\io\netty\netty-codec-dns\4.1.86.Final\netty-codec-dns-4.1.86.Final.jar;"/>
    <property name="sun.cpu.endian" value="little"/>
    <property name="user.home" value="C:\Users\Usuario"/>
    <property name="user.language" value="es"/>
    <property name="java.specification.vendor" value="Oracle Corporation"/>
    <property name="io.netty.allocator.maxOrder" value="6"/>
    <property name="java.version.date" value="2022-08-18"/>
    <property name="java.home" value="C:\Program Files\Java\jdk-18.0.2.1"/>
    <property name="file.separator" value="\"/>
    <property name="basedir" value="C:\Users\Usuario\Desktop\database-se"/>
    <property name="java.vm.compressedOopsMode" value="32-bit"/>
    <property name="line.separator" value="&#10;"/>
    <property name="java.vm.specification.vendor" value="Oracle Corporation"/>
    <property name="java.specification.name" value="Java Platform API Specification"/>
    <property name="surefire.real.class.path" value="C:\Users\Usuario\AppData\Local\Temp\surefire9424528800391641088\surefirebooter7258488811209198066.jar"/>
    <property name="user.script" value=""/>
    <property name="java.util.logging.config.file" value="C:\Users\Usuario\Desktop\database-se\target\classes/logging.properties"/>
    <property name="sun.management.compiler" value="HotSpot 64-Bit Tiered Compilers"/>
    <property name="java.runtime.version" value="18.0.2.1+1-1"/>
    <property name="user.name" value="Usuario"/>
    <property name="path.separator" value=";"/>
    <property name="os.version" value="10.0"/>
    <property name="java.runtime.name" value="Java(TM) SE Runtime Environment"/>
    <property name="file.encoding" value="UTF-8"/>
    <property name="java.vm.name" value="Java HotSpot(TM) 64-Bit Server VM"/>
    <property name="localRepository" value="C:\Users\Usuario\.m2\repository"/>
    <property name="java.vendor.url.bug" value="https://bugreport.java.com/bugreport/"/>
    <property name="java.io.tmpdir" value="C:\Users\Usuario\AppData\Local\Temp\"/>
    <property name="java.version" value="18.0.2.1"/>
    <property name="user.dir" value="C:\Users\Usuario\Desktop\database-se"/>
    <property name="os.arch" value="amd64"/>
    <property name="java.vm.specification.name" value="Java Virtual Machine Specification"/>
    <property name="sun.os.patch.level" value=""/>
    <property name="native.encoding" value="Cp1252"/>
    <property name="java.library.path" value="C:\Program Files\Java\jdk-18.0.2.1\bin;C:\WINDOWS\Sun\Java\bin;C:\WINDOWS\system32;C:\WINDOWS;C:\Users\Usuario\bin;C:\Program Files\Git\mingw64\bin;C:\Program Files\Git\usr\local\bin;C:\Program Files\Git\usr\bin;C:\Program Files\Git\usr\bin;C:\Program Files\Git\mingw64\bin;C:\Program Files\Git\usr\bin;C:\Users\Usuario\bin;C:\WINDOWS\system32;C:\WINDOWS;C:\WINDOWS\System32\Wbem;C:\WINDOWS\System32\WindowsPowerShell\v1.0;C:\WINDOWS\System32\OpenSSH;C:\Program Files\Microsoft SQL Server\130\Tools\Binn;C:\Program Files\Microsoft SQL Server\Client SDK\ODBC\170\Tools\Binn;C:\Program Files (x86)\Microsoft SQL Server\150\Tools\Binn;C:\Program Files\Microsoft SQL Server\150\Tools\Binn;C:\Program Files\Microsoft SQL Server\150\DTS\Binn;C:\Program Files (x86)\Microsoft SQL Server\150\DTS\Binn;C:\Program Files\Azure Data Studio\bin;C:\Program Files\Microsoft SQL Server\Client SDK\ODBC\130\Tools\Binn;C:\Program Files (x86)\Microsoft SQL Server\140\Tools\Binn;C:\Program Files\Microsoft SQL Server\140\Tools\Binn;C:\Program Files\Microsoft SQL Server\140\DTS\Binn;D:\Maven\apache-maven-3.8.6\bin;C:\Program Files\Java\jdk-18.0.2.1\bin;C:\Program Files\Docker\Docker\resources\bin;C:\ProgramData\DockerDesktop\version-bin;C:\Program Files (x86)\Common Files\Oracle\Java\javapath;C:\Program Files\Common Files\Oracle\Java\javapath;D:\Nodejs;C:\Program Files\Git\cmd;C:\Users\Usuario\AppData\Local\Programs\Microsoft VS Code\bin;C:\Users\Usuario\AppData\Local\GitHubDesktop\bin;C:\Program Files\Azure Data Studio\bin;C:\Users\Usuario\AppData\Local\Microsoft\WindowsApps;D:\heroku\bin;C:\Program Files\Java\jdk-18.0.2.1\bin;C:\Users\Usuario\AppData\Roaming\npm;C:\Program Files\Git\usr\bin\vendor_perl;C:\Program Files\Git\usr\bin\core_perl;."/>
    <property name="java.vm.info" value="mixed mode, sharing"/>
    <property name="java.vendor" value="Oracle Corporation"/>
    <property name="java.vm.version" value="18.0.2.1+1-1"/>
    <property name="sun.io.unicode.encoding" value="UnicodeLittle"/>
    <property name="java.class.version" value="62.0"/>
  </properties>
  <testcase name="testSimpleGreet" classname="me.Usuario.se.database.MainTest" time="0.337">
    <system-out><![CDATA[2023.01.12 10:27:47 INFO io.helidon.common.LogConfig Thread[main,5,main]: Logging at initialization configured using C:\Users\Usuario\Desktop\database-se\target\classes\logging.properties
2023.01.12 10:27:47 INFO com.zaxxer.hikari.HikariDataSource Thread[main,5,main]: h2 - Starting...
2023.01.12 10:27:47 INFO com.zaxxer.hikari.HikariDataSource Thread[main,5,main]: h2 - Start completed.
2023.01.12 10:27:48 INFO io.helidon.common.HelidonFeatures Thread[features-thread,5,main]: Helidon SE 3.1.0 features: [Config, Db Client, Fault Tolerance, Health, Metrics, Tracing, Web Client, WebServer]
2023.01.12 10:27:49 INFO io.helidon.webserver.NettyWebServer Thread[nioEventLoopGroup-2-1,10,main]: Channel '@default' started: [id: 0x8d6eb33a, L:/[0:0:0:0:0:0:0:0]:8080]
Database here : http://localhost:8080/pokemon
2023.01.12 10:27:49 INFO me.Usuario.se.database.SimpleGreetService Thread[nioEventLoopGroup-3-1,10,main]: Greeting message is Hello World!
]]></system-out>
  </testcase>
  <testcase name="testMetrics" classname="me.Usuario.se.database.MainTest" time="0.055"/>
  <testcase name="testHealth" classname="me.Usuario.se.database.MainTest" time="0.056"/>
  <testcase name="testMicroprofileMetrics" classname="me.Usuario.se.database.MainTest" time="0.036">
    <system-out><![CDATA[2023.01.12 10:27:49 INFO me.Usuario.se.database.SimpleGreetService Thread[nioEventLoopGroup-3-2,10,main]: Greeting message is Hello World!
]]></system-out>
  </testcase>
</testsuite>